638  [main] INFO  c.example.task20.Task20Application – Starting Task20Application using Java 15.0.6 on MacBook-Pro-Maksim.local with PID 16406 (/Users/maksimtomanov/IdeaProjects/JavaPatternMirea/src/com/company/task20/target/classes started by maksimtomanov in /Users/maksimtomanov/IdeaProjects/JavaPatternMirea/src/com/company/task20)
645  [main] INFO  c.example.task20.Task20Application – No active profile set, falling back to 1 default profile: "default"
1204 [main] INFO  o.s.d.r.c.RepositoryConfigurationDelegate – Bootstrapping Spring Data JPA repositories in DEFAULT mode.
1252 [main] INFO  o.s.d.r.c.RepositoryConfigurationDelegate – Finished Spring Data repository scanning in 39 ms. Found 2 JPA repository interfaces.
1942 [main] INFO  o.s.b.w.e.tomcat.TomcatWebServer – Tomcat initialized with port(s): 8080 (http)
1948 [main] INFO  o.a.coyote.http11.Http11NioProtocol – Initializing ProtocolHandler ["http-nio-8080"]
1948 [main] INFO  o.a.catalina.core.StandardService – Starting service [Tomcat]
1948 [main] INFO  o.a.catalina.core.StandardEngine – Starting Servlet engine: [Apache Tomcat/9.0.58]
2021 [main] INFO  o.a.c.c.C.[Tomcat].[localhost].[/] – Initializing Spring embedded WebApplicationContext
2021 [main] INFO  o.s.b.w.s.c.ServletWebServerApplicationContext – Root WebApplicationContext: initialization completed in 1288 ms
2185 [main] INFO  com.zaxxer.hikari.HikariDataSource – HikariPool-1 - Starting...
2231 [main] INFO  com.zaxxer.hikari.HikariDataSource – HikariPool-1 - Start completed.
2747 [main] INFO  o.s.o.j.LocalContainerEntityManagerFactoryBean – Initialized JPA EntityManagerFactory for persistence unit 'default'
3093 [main] WARN  o.s.b.a.o.j.JpaBaseConfiguration$JpaWebConfiguration – spring.jpa.open-in-view is enabled by default. Therefore, database queries may be performed during view rendering. Explicitly configure spring.jpa.open-in-view to disable this warning
3331 [main] INFO  o.a.coyote.http11.Http11NioProtocol – Starting ProtocolHandler ["http-nio-8080"]
3336 [main] WARN  o.s.b.w.s.c.AnnotationConfigServletWebServerApplicationContext – Exception encountered during context initialization - cancelling refresh attempt: org.springframework.context.ApplicationContextException: Failed to start bean 'webServerStartStop'; nested exception is org.springframework.boot.web.server.PortInUseException: Port 8080 is already in use
3338 [main] INFO  o.s.o.j.LocalContainerEntityManagerFactoryBean – Closing JPA EntityManagerFactory for persistence unit 'default'
3340 [main] INFO  com.zaxxer.hikari.HikariDataSource – HikariPool-1 - Shutdown initiated...
3344 [main] INFO  com.zaxxer.hikari.HikariDataSource – HikariPool-1 - Shutdown completed.
3346 [main] INFO  o.a.coyote.http11.Http11NioProtocol – Pausing ProtocolHandler ["http-nio-8080"]
3346 [main] INFO  o.a.catalina.core.StandardService – Stopping service [Tomcat]
3349 [main] INFO  o.a.coyote.http11.Http11NioProtocol – Stopping ProtocolHandler ["http-nio-8080"]
3350 [main] INFO  o.a.coyote.http11.Http11NioProtocol – Destroying ProtocolHandler ["http-nio-8080"]
3357 [main] INFO  o.s.b.a.l.ConditionEvaluationReportLoggingListener – 

Error starting ApplicationContext. To display the conditions report re-run your application with 'debug' enabled.
3368 [main] ERROR o.s.b.d.LoggingFailureAnalysisReporter – 

***************************
APPLICATION FAILED TO START
***************************

Description:

Web server failed to start. Port 8080 was already in use.

Action:

Identify and stop the process that's listening on port 8080 or configure this application to listen on another port.

640  [main] INFO  c.example.task20.Task20Application – Starting Task20Application using Java 15.0.6 on MacBook-Pro-Maksim.local with PID 16460 (/Users/maksimtomanov/IdeaProjects/JavaPatternMirea/src/com/company/task20/target/classes started by maksimtomanov in /Users/maksimtomanov/IdeaProjects/JavaPatternMirea/src/com/company/task20)
642  [main] INFO  c.example.task20.Task20Application – No active profile set, falling back to 1 default profile: "default"
1210 [main] INFO  o.s.d.r.c.RepositoryConfigurationDelegate – Bootstrapping Spring Data JPA repositories in DEFAULT mode.
1255 [main] INFO  o.s.d.r.c.RepositoryConfigurationDelegate – Finished Spring Data repository scanning in 39 ms. Found 2 JPA repository interfaces.
1951 [main] INFO  o.s.b.w.e.tomcat.TomcatWebServer – Tomcat initialized with port(s): 8080 (http)
1957 [main] INFO  o.a.coyote.http11.Http11NioProtocol – Initializing ProtocolHandler ["http-nio-8080"]
1958 [main] INFO  o.a.catalina.core.StandardService – Starting service [Tomcat]
1958 [main] INFO  o.a.catalina.core.StandardEngine – Starting Servlet engine: [Apache Tomcat/9.0.58]
2032 [main] INFO  o.a.c.c.C.[Tomcat].[localhost].[/] – Initializing Spring embedded WebApplicationContext
2033 [main] INFO  o.s.b.w.s.c.ServletWebServerApplicationContext – Root WebApplicationContext: initialization completed in 1320 ms
2217 [main] INFO  com.zaxxer.hikari.HikariDataSource – HikariPool-1 - Starting...
2266 [main] INFO  com.zaxxer.hikari.HikariDataSource – HikariPool-1 - Start completed.
2819 [main] INFO  o.s.o.j.LocalContainerEntityManagerFactoryBean – Initialized JPA EntityManagerFactory for persistence unit 'default'
3209 [main] WARN  o.s.b.a.o.j.JpaBaseConfiguration$JpaWebConfiguration – spring.jpa.open-in-view is enabled by default. Therefore, database queries may be performed during view rendering. Explicitly configure spring.jpa.open-in-view to disable this warning
3498 [main] INFO  o.a.coyote.http11.Http11NioProtocol – Starting ProtocolHandler ["http-nio-8080"]
3511 [main] INFO  o.s.b.w.e.tomcat.TomcatWebServer – Tomcat started on port(s): 8080 (http) with context path ''
3524 [main] INFO  c.example.task20.Task20Application – Started Task20Application in 3.226 seconds (JVM running for 3.967)
16557 [http-nio-8080-exec-2] INFO  o.a.c.c.C.[Tomcat].[localhost].[/] – Initializing Spring DispatcherServlet 'dispatcherServlet'
16558 [http-nio-8080-exec-2] INFO  o.s.web.servlet.DispatcherServlet – Initializing Servlet 'dispatcherServlet'
16559 [http-nio-8080-exec-2] INFO  o.s.web.servlet.DispatcherServlet – Completed initialization in 1 ms
16618 [http-nio-8080-exec-2] INFO  c.e.task20.service.UserService – get all users with filter: fullName contains "", lastName contains ""
16700 [http-nio-8080-exec-2] INFO  com.example.task20.aspect.Aspect – UserService.filterByFields(..) - 102ms
37776 [SpringApplicationShutdownHook] INFO  o.s.o.j.LocalContainerEntityManagerFactoryBean – Closing JPA EntityManagerFactory for persistence unit 'default'
37778 [SpringApplicationShutdownHook] INFO  com.zaxxer.hikari.HikariDataSource – HikariPool-1 - Shutdown initiated...
37780 [SpringApplicationShutdownHook] INFO  com.zaxxer.hikari.HikariDataSource – HikariPool-1 - Shutdown completed.
633  [main] INFO  c.example.task20.Task20Application – Starting Task20Application using Java 15.0.6 on MacBook-Pro-Maksim.local with PID 17855 (/Users/maksimtomanov/IdeaProjects/JavaPatternMirea/src/com/company/task20/target/classes started by maksimtomanov in /Users/maksimtomanov/IdeaProjects/JavaPatternMirea/src/com/company/task20)
635  [main] INFO  c.example.task20.Task20Application – No active profile set, falling back to 1 default profile: "default"
1175 [main] INFO  o.s.d.r.c.RepositoryConfigurationDelegate – Bootstrapping Spring Data JPA repositories in DEFAULT mode.
1234 [main] INFO  o.s.d.r.c.RepositoryConfigurationDelegate – Finished Spring Data repository scanning in 50 ms. Found 2 JPA repository interfaces.
1940 [main] INFO  o.s.b.w.e.tomcat.TomcatWebServer – Tomcat initialized with port(s): 8080 (http)
1945 [main] INFO  o.a.coyote.http11.Http11NioProtocol – Initializing ProtocolHandler ["http-nio-8080"]
1946 [main] INFO  o.a.catalina.core.StandardService – Starting service [Tomcat]
1946 [main] INFO  o.a.catalina.core.StandardEngine – Starting Servlet engine: [Apache Tomcat/9.0.58]
2032 [main] INFO  o.a.c.c.C.[Tomcat].[localhost].[/] – Initializing Spring embedded WebApplicationContext
2032 [main] INFO  o.s.b.w.s.c.ServletWebServerApplicationContext – Root WebApplicationContext: initialization completed in 1319 ms
2234 [main] INFO  com.zaxxer.hikari.HikariDataSource – HikariPool-1 - Starting...
2288 [main] INFO  com.zaxxer.hikari.HikariDataSource – HikariPool-1 - Start completed.
2832 [main] INFO  o.s.o.j.LocalContainerEntityManagerFactoryBean – Initialized JPA EntityManagerFactory for persistence unit 'default'
3208 [main] WARN  o.s.b.a.o.j.JpaBaseConfiguration$JpaWebConfiguration – spring.jpa.open-in-view is enabled by default. Therefore, database queries may be performed during view rendering. Explicitly configure spring.jpa.open-in-view to disable this warning
3507 [main] INFO  o.a.coyote.http11.Http11NioProtocol – Starting ProtocolHandler ["http-nio-8080"]
3524 [main] INFO  o.s.b.w.e.tomcat.TomcatWebServer – Tomcat started on port(s): 8080 (http) with context path ''
3538 [main] INFO  c.example.task20.Task20Application – Started Task20Application in 3.248 seconds (JVM running for 3.952)
26618 [http-nio-8080-exec-2] INFO  o.a.c.c.C.[Tomcat].[localhost].[/] – Initializing Spring DispatcherServlet 'dispatcherServlet'
26619 [http-nio-8080-exec-2] INFO  o.s.web.servlet.DispatcherServlet – Initializing Servlet 'dispatcherServlet'
26622 [http-nio-8080-exec-2] INFO  o.s.web.servlet.DispatcherServlet – Completed initialization in 3 ms
26688 [http-nio-8080-exec-2] INFO  c.e.task20.service.UserService – get all users with filter: fullName contains "", lastName contains ""
26789 [http-nio-8080-exec-2] INFO  com.example.task20.aspect.Aspect – UserService.filterByFields(..) - 121ms
48907 [SpringApplicationShutdownHook] INFO  o.s.o.j.LocalContainerEntityManagerFactoryBean – Closing JPA EntityManagerFactory for persistence unit 'default'
48909 [SpringApplicationShutdownHook] INFO  com.zaxxer.hikari.HikariDataSource – HikariPool-1 - Shutdown initiated...
48911 [SpringApplicationShutdownHook] INFO  com.zaxxer.hikari.HikariDataSource – HikariPool-1 - Shutdown completed.
619  [main] INFO  c.example.task20.Task20Application – Starting Task20Application using Java 15.0.6 on MacBook-Pro-Maksim.local with PID 17912 (/Users/maksimtomanov/IdeaProjects/JavaPatternMirea/src/com/company/task20/target/classes started by maksimtomanov in /Users/maksimtomanov/IdeaProjects/JavaPatternMirea/src/com/company/task20)
626  [main] INFO  c.example.task20.Task20Application – No active profile set, falling back to 1 default profile: "default"
1157 [main] INFO  o.s.d.r.c.RepositoryConfigurationDelegate – Bootstrapping Spring Data JPA repositories in DEFAULT mode.
1197 [main] INFO  o.s.d.r.c.RepositoryConfigurationDelegate – Finished Spring Data repository scanning in 34 ms. Found 2 JPA repository interfaces.
1869 [main] INFO  o.s.b.w.e.tomcat.TomcatWebServer – Tomcat initialized with port(s): 8080 (http)
1873 [main] INFO  o.a.coyote.http11.Http11NioProtocol – Initializing ProtocolHandler ["http-nio-8080"]
1874 [main] INFO  o.a.catalina.core.StandardService – Starting service [Tomcat]
1874 [main] INFO  o.a.catalina.core.StandardEngine – Starting Servlet engine: [Apache Tomcat/9.0.58]
1937 [main] INFO  o.a.c.c.C.[Tomcat].[localhost].[/] – Initializing Spring embedded WebApplicationContext
1938 [main] INFO  o.s.b.w.s.c.ServletWebServerApplicationContext – Root WebApplicationContext: initialization completed in 1259 ms
2123 [main] INFO  com.zaxxer.hikari.HikariDataSource – HikariPool-1 - Starting...
2173 [main] INFO  com.zaxxer.hikari.HikariDataSource – HikariPool-1 - Start completed.
2642 [main] INFO  o.s.o.j.LocalContainerEntityManagerFactoryBean – Initialized JPA EntityManagerFactory for persistence unit 'default'
3265 [main] INFO  o.a.coyote.http11.Http11NioProtocol – Starting ProtocolHandler ["http-nio-8080"]
3277 [main] INFO  o.s.b.w.e.tomcat.TomcatWebServer – Tomcat started on port(s): 8080 (http) with context path ''
3288 [main] INFO  c.example.task20.Task20Application – Started Task20Application in 3.024 seconds (JVM running for 3.708)
8303 [http-nio-8080-exec-2] INFO  o.a.c.c.C.[Tomcat].[localhost].[/] – Initializing Spring DispatcherServlet 'dispatcherServlet'
8304 [http-nio-8080-exec-2] INFO  o.s.web.servlet.DispatcherServlet – Initializing Servlet 'dispatcherServlet'
8305 [http-nio-8080-exec-2] INFO  o.s.web.servlet.DispatcherServlet – Completed initialization in 1 ms
8364 [http-nio-8080-exec-2] INFO  c.e.task20.service.UserService – get all users with filter: fullName contains "", lastName contains ""
8453 [http-nio-8080-exec-2] INFO  com.example.task20.aspect.Aspect – UserService.filterByFields(..) - 108ms
8505 [http-nio-8080-exec-2] WARN  o.s.w.s.m.s.DefaultHandlerExceptionResolver – Resolved [org.springframework.http.converter.HttpMessageNotWritableException: Could not write JSON: failed to lazily initialize a collection of role: com.example.task20.entity.UserEntity.dogs, could not initialize proxy - no Session; nested exception is com.fasterxml.jackson.databind.JsonMappingException: failed to lazily initialize a collection of role: com.example.task20.entity.UserEntity.dogs, could not initialize proxy - no Session (through reference chain: com.example.task20.Response.SuccessResponse["data"]->java.util.ArrayList[0]->com.example.task20.DTO.User["dogs"])]
26033 [SpringApplicationShutdownHook] INFO  o.s.o.j.LocalContainerEntityManagerFactoryBean – Closing JPA EntityManagerFactory for persistence unit 'default'
26036 [SpringApplicationShutdownHook] INFO  com.zaxxer.hikari.HikariDataSource – HikariPool-1 - Shutdown initiated...
26038 [SpringApplicationShutdownHook] INFO  com.zaxxer.hikari.HikariDataSource – HikariPool-1 - Shutdown completed.
612  [main] INFO  c.example.task20.Task20Application – Starting Task20Application using Java 15.0.6 on MacBook-Pro-Maksim.local with PID 17949 (/Users/maksimtomanov/IdeaProjects/JavaPatternMirea/src/com/company/task20/target/classes started by maksimtomanov in /Users/maksimtomanov/IdeaProjects/JavaPatternMirea/src/com/company/task20)
614  [main] INFO  c.example.task20.Task20Application – No active profile set, falling back to 1 default profile: "default"
1114 [main] INFO  o.s.d.r.c.RepositoryConfigurationDelegate – Bootstrapping Spring Data JPA repositories in DEFAULT mode.
1166 [main] INFO  o.s.d.r.c.RepositoryConfigurationDelegate – Finished Spring Data repository scanning in 45 ms. Found 2 JPA repository interfaces.
1932 [main] INFO  o.s.b.w.e.tomcat.TomcatWebServer – Tomcat initialized with port(s): 8080 (http)
1937 [main] INFO  o.a.coyote.http11.Http11NioProtocol – Initializing ProtocolHandler ["http-nio-8080"]
1938 [main] INFO  o.a.catalina.core.StandardService – Starting service [Tomcat]
1938 [main] INFO  o.a.catalina.core.StandardEngine – Starting Servlet engine: [Apache Tomcat/9.0.58]
2005 [main] INFO  o.a.c.c.C.[Tomcat].[localhost].[/] – Initializing Spring embedded WebApplicationContext
2006 [main] INFO  o.s.b.w.s.c.ServletWebServerApplicationContext – Root WebApplicationContext: initialization completed in 1323 ms
2191 [main] INFO  com.zaxxer.hikari.HikariDataSource – HikariPool-1 - Starting...
2244 [main] INFO  com.zaxxer.hikari.HikariDataSource – HikariPool-1 - Start completed.
2742 [main] INFO  o.s.o.j.LocalContainerEntityManagerFactoryBean – Initialized JPA EntityManagerFactory for persistence unit 'default'
3092 [main] WARN  o.s.b.a.o.j.JpaBaseConfiguration$JpaWebConfiguration – spring.jpa.open-in-view is enabled by default. Therefore, database queries may be performed during view rendering. Explicitly configure spring.jpa.open-in-view to disable this warning
3337 [main] INFO  o.a.coyote.http11.Http11NioProtocol – Starting ProtocolHandler ["http-nio-8080"]
3348 [main] INFO  o.s.b.w.e.tomcat.TomcatWebServer – Tomcat started on port(s): 8080 (http) with context path ''
3358 [main] INFO  c.example.task20.Task20Application – Started Task20Application in 3.058 seconds (JVM running for 3.925)
6953 [http-nio-8080-exec-2] INFO  o.a.c.c.C.[Tomcat].[localhost].[/] – Initializing Spring DispatcherServlet 'dispatcherServlet'
6954 [http-nio-8080-exec-2] INFO  o.s.web.servlet.DispatcherServlet – Initializing Servlet 'dispatcherServlet'
6955 [http-nio-8080-exec-2] INFO  o.s.web.servlet.DispatcherServlet – Completed initialization in 1 ms
7011 [http-nio-8080-exec-2] INFO  c.e.task20.service.UserService – get all users with filter: fullName contains "", lastName contains ""
7091 [http-nio-8080-exec-2] INFO  com.example.task20.aspect.Aspect – UserService.filterByFields(..) - 97ms
14187 [SpringApplicationShutdownHook] INFO  o.s.o.j.LocalContainerEntityManagerFactoryBean – Closing JPA EntityManagerFactory for persistence unit 'default'
14190 [SpringApplicationShutdownHook] INFO  com.zaxxer.hikari.HikariDataSource – HikariPool-1 - Shutdown initiated...
14192 [SpringApplicationShutdownHook] INFO  com.zaxxer.hikari.HikariDataSource – HikariPool-1 - Shutdown completed.
